2012-04-05 23:01:54 Notice: Notice (1024): Please change the value of 'Security.salt' in app/config/core.php to a salt value specific to your application in [/Applications/MAMP/htdocs/club86/cake/libs/debugger.php, line 694]
2012-04-05 23:01:54 Notice: Notice (1024): Please change the value of 'Security.cipherSeed' in app/config/core.php to a numeric (digits only) seed value specific to your application in [/Applications/MAMP/htdocs/club86/cake/libs/debugger.php, line 698]
2014-01-11 17:31:41 Notice: Notice (8): Undefined index: month in [/Applications/MAMP/htdocs/club86/app/controllers/sushi_controller.php, line 12]
2014-01-11 17:35:27 Notice: Notice (8): Undefined index: month in [/Applications/MAMP/htdocs/club86/app/controllers/sushi_controller.php, line 12]
2014-01-11 17:37:58 Notice: Notice (8): Undefined index: month in [/Applications/MAMP/htdocs/club86/app/controllers/sushi_controller.php, line 12]
2014-01-11 17:39:07 Notice: Notice (8): Undefined index: month in [/Applications/MAMP/htdocs/club86/app/controllers/sushi_controller.php, line 12]
2014-01-11 17:41:04 Notice: Notice (8): Undefined index: month in [/Applications/MAMP/htdocs/club86/app/controllers/sushi_controller.php, line 12]
2014-01-11 17:41:10 Notice: Notice (8): Undefined index: month in [/Applications/MAMP/htdocs/club86/app/controllers/sushi_controller.php, line 12]
2014-01-11 17:44:05 Notice: Notice (8): Undefined index: month in [/Applications/MAMP/htdocs/club86/app/controllers/sushi_controller.php, line 12]
2014-01-11 17:44:23 Notice: Notice (8): Undefined index: month in [/Applications/MAMP/htdocs/club86/app/controllers/sushi_controller.php, line 12]
2014-01-11 17:47:54 Notice: Notice (8): Undefined variable: marriage in [/Applications/MAMP/htdocs/club86/app/views/sushi/detail.ctp, line 10]
2014-01-11 17:47:54 Notice: Notice (8): Undefined variable: marriage in [/Applications/MAMP/htdocs/club86/app/views/sushi/detail.ctp, line 11]
2014-01-11 17:47:54 Notice: Notice (8): Undefined variable: marriage in [/Applications/MAMP/htdocs/club86/app/views/sushi/detail.ctp, line 12]
2014-01-11 17:47:54 Notice: Notice (8): Undefined variable: marriage in [/Applications/MAMP/htdocs/club86/app/views/sushi/detail.ctp, line 13]
2014-01-11 17:48:01 Notice: Notice (8): Undefined variable: marriage in [/Applications/MAMP/htdocs/club86/app/views/sushi/detail.ctp, line 10]
2014-01-11 17:48:01 Notice: Notice (8): Undefined variable: marriage in [/Applications/MAMP/htdocs/club86/app/views/sushi/detail.ctp, line 11]
2014-01-11 17:48:01 Notice: Notice (8): Undefined variable: marriage in [/Applications/MAMP/htdocs/club86/app/views/sushi/detail.ctp, line 12]
2014-01-11 17:48:01 Notice: Notice (8): Undefined variable: marriage in [/Applications/MAMP/htdocs/club86/app/views/sushi/detail.ctp, line 13]
2014-01-11 17:49:15 Notice: Notice (8): Undefined variable: marriage in [/Applications/MAMP/htdocs/club86/app/views/sushi/detail.ctp, line 10]
2014-01-11 17:49:15 Notice: Notice (8): Undefined variable: marriage in [/Applications/MAMP/htdocs/club86/app/views/sushi/detail.ctp, line 11]
2014-01-11 17:49:15 Notice: Notice (8): Undefined variable: marriage in [/Applications/MAMP/htdocs/club86/app/views/sushi/detail.ctp, line 12]
2014-01-11 17:49:15 Notice: Notice (8): Undefined variable: marriage in [/Applications/MAMP/htdocs/club86/app/views/sushi/detail.ctp, line 13]
2014-01-11 17:54:36 Notice: Notice (8): Undefined variable: marriage in [/Applications/MAMP/htdocs/club86/app/views/sushi/detail.ctp, line 10]
2014-01-11 17:54:36 Notice: Notice (8): Undefined variable: marriage in [/Applications/MAMP/htdocs/club86/app/views/sushi/detail.ctp, line 11]
2014-01-11 17:54:36 Notice: Notice (8): Undefined variable: marriage in [/Applications/MAMP/htdocs/club86/app/views/sushi/detail.ctp, line 12]
2014-01-11 17:54:36 Notice: Notice (8): Undefined variable: marriage in [/Applications/MAMP/htdocs/club86/app/views/sushi/detail.ctp, line 13]
2014-01-11 17:55:22 Notice: Notice (8): Undefined index: month in [/Applications/MAMP/htdocs/club86/app/controllers/sushi_controller.php, line 16]
2014-01-11 17:55:22 Notice: Notice (8): Undefined index: Gari in [/Applications/MAMP/htdocs/club86/app/views/sushi/detail.ctp, line 10]
2014-01-11 17:55:22 Notice: Notice (8): Undefined index: Gari in [/Applications/MAMP/htdocs/club86/app/views/sushi/detail.ctp, line 11]
2014-01-11 17:55:22 Notice: Notice (8): Undefined index: Gari in [/Applications/MAMP/htdocs/club86/app/views/sushi/detail.ctp, line 12]
2014-01-11 17:55:22 Notice: Notice (8): Undefined index: Gari in [/Applications/MAMP/htdocs/club86/app/views/sushi/detail.ctp, line 13]
2014-01-11 17:55:31 Notice: Notice (8): Undefined index: month in [/Applications/MAMP/htdocs/club86/app/controllers/sushi_controller.php, line 16]
2014-01-11 17:55:31 Notice: Notice (8): Undefined index: Gari in [/Applications/MAMP/htdocs/club86/app/views/sushi/detail.ctp, line 10]
2014-01-11 17:55:31 Notice: Notice (8): Undefined index: Gari in [/Applications/MAMP/htdocs/club86/app/views/sushi/detail.ctp, line 11]
2014-01-11 17:55:31 Notice: Notice (8): Undefined index: Gari in [/Applications/MAMP/htdocs/club86/app/views/sushi/detail.ctp, line 12]
2014-01-11 17:55:31 Notice: Notice (8): Undefined index: Gari in [/Applications/MAMP/htdocs/club86/app/views/sushi/detail.ctp, line 13]
2014-01-11 19:06:07 Notice: Notice (8): Undefined variable: marriage in [/Applications/MAMP/htdocs/club86/app/views/sushi/saburo2.ctp, line 11]
2014-01-11 19:07:18 Notice: Notice (8): Undefined variable: marriage in [/Applications/MAMP/htdocs/club86/app/views/sushi/saburo2.ctp, line 11]
2014-01-11 19:09:09 Notice: Notice (8): Undefined variable: marriage in [/Applications/MAMP/htdocs/club86/app/views/sushi/saburo2.ctp, line 11]
2014-01-11 19:09:34 Notice: Notice (8): Undefined variable: marriage in [/Applications/MAMP/htdocs/club86/app/views/sushi/saburo2.ctp, line 11]
2014-01-11 19:12:02 Notice: Notice (8): Undefined variable: marriage in [/Applications/MAMP/htdocs/club86/app/views/sushi/saburo2.ctp, line 11]
2014-01-11 19:12:17 Notice: Notice (8): Undefined variable: marriage in [/Applications/MAMP/htdocs/club86/app/views/sushi/saburo2.ctp, line 11]
2014-01-11 21:24:00 Notice: Notice (8): Undefined variable: id in [/Applications/MAMP/htdocs/club86/app/controllers/sushi_controller.php, line 24]
2014-01-11 21:24:33 Notice: Notice (8): Undefined variable: id in [/Applications/MAMP/htdocs/club86/app/controllers/sushi_controller.php, line 24]
2014-01-18 11:07:27 Notice: Notice (8): Undefined variable: marriage in [/Applications/MAMP/htdocs/club86/app/views/minamikata/result.ctp, line 8]
2014-01-18 11:09:09 Notice: Notice (8): Undefined variable: marriage in [/Applications/MAMP/htdocs/club86/app/views/minamikata/result.ctp, line 8]
2014-01-18 11:19:06 Notice: Notice (8): Undefined index: category in [/Applications/MAMP/htdocs/club86/app/views/minamikata/record.ctp, line 8]
2014-01-18 11:19:26 Notice: Notice (8): Undefined variable: marriage in [/Applications/MAMP/htdocs/club86/app/views/minamikata/result.ctp, line 8]
2014-01-18 11:22:08 Notice: Notice (8): Undefined variable: marriage in [/Applications/MAMP/htdocs/club86/app/views/minamikata/result.ctp, line 8]
2014-01-18 11:22:13 Notice: Notice (8): Undefined variable: marriage in [/Applications/MAMP/htdocs/club86/app/views/minamikata/result.ctp, line 8]
2014-01-18 11:23:17 Notice: Notice (8): Undefined variable: marriage in [/Applications/MAMP/htdocs/club86/app/views/minamikata/result.ctp, line 8]
2014-01-18 16:12:11 Notice: Notice (8): Undefined index: month in [/Applications/MAMP/htdocs/club86/app/controllers/sushi_controller.php, line 11]
2014-01-25 10:22:58 Notice: Notice (8): Undefined index: month in [/Applications/MAMP/htdocs/club86/app/controllers/sushi_controller.php, line 11]
2014-01-25 10:23:49 Notice: Notice (8): Undefined variable: cid in [/Applications/MAMP/htdocs/club86/app/controllers/sushi_controller.php, line 17]
2014-01-25 10:52:31 Notice: Notice (8): Undefined index: month in [/Applications/MAMP/htdocs/club86/app/controllers/sushi_controller.php, line 11]
2014-01-25 10:59:51 Notice: Notice (8): Undefined index: month in [/Applications/MAMP/htdocs/club86/app/controllers/sushi_controller.php, line 11]
2014-01-25 16:14:03 Notice: Notice (8): Undefined variable: marriage in [/Applications/MAMP/htdocs/club86/app/views/block/top.ctp, line 9]
2014-01-25 16:19:23 Notice: Notice (8): Undefined variable: marriage in [/Applications/MAMP/htdocs/club86/app/views/block/top.ctp, line 9]
2014-01-25 16:19:52 Notice: Notice (8): Undefined variable: marriage in [/Applications/MAMP/htdocs/club86/app/views/block/top.ctp, line 9]
2014-01-25 16:20:21 Notice: Notice (8): Undefined variable: marriage in [/Applications/MAMP/htdocs/club86/app/views/block/top.ctp, line 9]
2014-01-25 16:20:41 Notice: Notice (8): Undefined variable: marriage in [/Applications/MAMP/htdocs/club86/app/views/block/top.ctp, line 9]
2014-01-25 16:21:10 Notice: Notice (8): Undefined variable: marriage in [/Applications/MAMP/htdocs/club86/app/views/block/top.ctp, line 9]
2014-01-25 16:21:43 Notice: Notice (8): Undefined variable: marriage in [/Applications/MAMP/htdocs/club86/app/views/block/top.ctp, line 9]
2014-01-25 16:22:50 Notice: Notice (8): Undefined variable: marriage in [/Applications/MAMP/htdocs/club86/app/views/block/top.ctp, line 9]
2014-01-25 16:23:47 Notice: Notice (8): Undefined variable: marriage in [/Applications/MAMP/htdocs/club86/app/views/block/top.ctp, line 9]
2014-01-25 16:24:11 Notice: Notice (8): Undefined variable: marriage in [/Applications/MAMP/htdocs/club86/app/views/block/top.ctp, line 9]
2014-01-25 16:26:05 Notice: Notice (8): Undefined variable: marriage in [/Applications/MAMP/htdocs/club86/app/views/block/top.ctp, line 9]
2014-01-25 16:26:47 Notice: Notice (8): Undefined variable: marriage in [/Applications/MAMP/htdocs/club86/app/views/block/top.ctp, line 11]
2014-01-25 17:04:39 Notice: Notice (8): Undefined index: neta in [/Applications/MAMP/htdocs/club86/app/views/block/top.ctp, line 18]
2014-01-25 17:04:39 Notice: Notice (8): Undefined property: blockController::$Masami in [/Applications/MAMP/htdocs/club86/app/controllers/block_controller.php, line 36]
2014-01-25 17:08:14 Notice: Notice (8): Undefined index: media in [/Applications/MAMP/htdocs/club86/app/views/block/top.ctp, line 16]
2014-01-25 17:08:14 Notice: Notice (8): Undefined property: blockController::$Masami in [/Applications/MAMP/htdocs/club86/app/controllers/block_controller.php, line 36]
2014-01-25 17:08:16 Notice: Notice (8): Undefined index: media in [/Applications/MAMP/htdocs/club86/app/views/block/top.ctp, line 16]
2014-01-25 17:08:16 Notice: Notice (8): Undefined property: blockController::$Masami in [/Applications/MAMP/htdocs/club86/app/controllers/block_controller.php, line 36]
2014-01-25 17:09:03 Notice: Notice (8): Undefined property: blockController::$Masami in [/Applications/MAMP/htdocs/club86/app/controllers/block_controller.php, line 36]
2014-01-25 17:12:12 Notice: Notice (8): Undefined property: blockController::$Masami in [/Applications/MAMP/htdocs/club86/app/controllers/block_controller.php, line 36]
2014-01-25 17:14:43 Notice: Notice (8): Undefined property: blockController::$Masami in [/Applications/MAMP/htdocs/club86/app/controllers/block_controller.php, line 36]
2014-01-26 20:52:24 Notice: Notice (8): Undefined variable: id in [/Applications/MAMP/htdocs/club86/app/controllers/block_controller.php, line 17]
2014-01-26 21:03:44 Notice: Notice (8): Undefined variable: id in [/Applications/MAMP/htdocs/club86/app/controllers/block_controller.php, line 18]
2014-01-26 21:04:16 Notice: Notice (8): Undefined variable: id in [/Applications/MAMP/htdocs/club86/app/controllers/block_controller.php, line 18]
2014-01-26 21:08:12 Notice: Notice (8): Undefined variable: id in [/Applications/MAMP/htdocs/club86/app/controllers/block_controller.php, line 18]
2014-01-26 21:09:47 Notice: Notice (8): Undefined variable: id in [/Applications/MAMP/htdocs/club86/app/controllers/block_controller.php, line 18]
2014-01-26 21:11:57 Notice: Notice (8): Undefined index: month in [/Applications/MAMP/htdocs/club86/app/controllers/sushi_controller.php, line 11]
2014-01-26 21:12:12 Notice: Notice (8): Undefined variable: id in [/Applications/MAMP/htdocs/club86/app/controllers/block_controller.php, line 18]
2014-01-26 21:20:41 Notice: Notice (8): Undefined index: category in [/Applications/MAMP/htdocs/club86/app/controllers/block_controller.php, line 38]
2014-01-26 21:20:41 Notice: Notice (8): Undefined property: blockController::$Masami in [/Applications/MAMP/htdocs/club86/app/controllers/block_controller.php, line 39]
2014-01-26 21:56:16 Notice: Notice (8): Array to string conversion in [/Applications/MAMP/htdocs/club86/cake/libs/model/datasources/dbo_source.php, line 749]
2014-01-26 22:00:01 Notice: Notice (8): Array to string conversion in [/Applications/MAMP/htdocs/club86/cake/libs/model/datasources/dbo_source.php, line 749]
2014-01-26 22:00:50 Notice: Notice (8): Array to string conversion in [/Applications/MAMP/htdocs/club86/cake/libs/model/datasources/dbo_source.php, line 749]
2014-01-26 22:03:50 Notice: Notice (8): Array to string conversion in [/Applications/MAMP/htdocs/club86/cake/libs/model/datasources/dbo_source.php, line 749]
2014-01-26 22:12:48 Notice: Notice (8): Array to string conversion in [/Applications/MAMP/htdocs/club86/cake/libs/model/datasources/dbo_source.php, line 749]
2014-01-26 22:13:16 Notice: Notice (8): Array to string conversion in [/Applications/MAMP/htdocs/club86/cake/libs/model/datasources/dbo_source.php, line 749]
2014-01-26 22:41:46 Notice: Notice (8): Undefined variable: cid in [/Applications/MAMP/htdocs/club86/app/controllers/block_controller.php, line 44]
2014-01-26 22:42:45 Notice: Notice (8): Undefined variable: cid in [/Applications/MAMP/htdocs/club86/app/controllers/block_controller.php, line 44]
2014-01-26 22:43:43 Notice: Notice (8): Undefined variable: cid in [/Applications/MAMP/htdocs/club86/app/controllers/block_controller.php, line 44]
2014-01-26 22:44:47 Notice: Notice (8): Undefined variable: cid in [/Applications/MAMP/htdocs/club86/app/controllers/block_controller.php, line 44]
2014-01-26 22:45:37 Notice: Notice (8): Undefined variable: cid in [/Applications/MAMP/htdocs/club86/app/controllers/block_controller.php, line 44]
2014-01-26 22:49:36 Notice: Notice (8): Undefined variable: cid in [/Applications/MAMP/htdocs/club86/app/controllers/block_controller.php, line 44]
2014-01-26 22:52:03 Notice: Notice (8): Undefined variable: cid in [/Applications/MAMP/htdocs/club86/app/controllers/block_controller.php, line 44]
2014-01-26 22:56:58 Notice: Notice (8): Undefined variable: cid in [/Applications/MAMP/htdocs/club86/app/controllers/block_controller.php, line 44]
2014-01-26 22:57:00 Notice: Notice (8): Undefined variable: cid in [/Applications/MAMP/htdocs/club86/app/controllers/block_controller.php, line 44]
2014-01-26 22:59:10 Notice: Notice (8): Undefined variable: cid in [/Applications/MAMP/htdocs/club86/app/controllers/block_controller.php, line 44]
2014-01-26 22:59:13 Notice: Notice (8): Undefined variable: cid in [/Applications/MAMP/htdocs/club86/app/controllers/block_controller.php, line 44]
2014-01-26 22:59:34 Notice: Notice (8): Undefined offset: 5 in [/Applications/MAMP/htdocs/club86/app/views/block/top.ctp, line 44]
2014-01-26 23:20:31 Notice: Notice (8): Undefined offset: 5 in [/Applications/MAMP/htdocs/club86/app/views/block/top.ctp, line 44]
2014-01-26 23:20:37 Notice: Notice (8): Undefined offset: 5 in [/Applications/MAMP/htdocs/club86/app/views/block/top.ctp, line 44]
2014-01-28 23:19:51 Notice: Notice (8): Undefined variable: id in [/Applications/MAMP/htdocs/club86/app/controllers/block_controller.php, line 18]
2014-01-28 23:19:59 Notice: Notice (8): Undefined variable: id in [/Applications/MAMP/htdocs/club86/app/controllers/block_controller.php, line 18]
2014-01-28 23:20:43 Notice: Notice (8): Undefined variable: id in [/Applications/MAMP/htdocs/club86/app/controllers/block_controller.php, line 18]
2014-01-28 23:22:57 Notice: Notice (8): Undefined variable: id in [/Applications/MAMP/htdocs/club86/app/controllers/block_controller.php, line 18]
2014-01-28 23:23:02 Notice: Notice (8): Undefined variable: id in [/Applications/MAMP/htdocs/club86/app/controllers/block_controller.php, line 18]
2014-01-28 23:23:11 Notice: Notice (8): Undefined variable: id in [/Applications/MAMP/htdocs/club86/app/controllers/block_controller.php, line 18]
2014-01-28 23:27:14 Notice: Notice (8): Undefined variable: id in [/Applications/MAMP/htdocs/club86/app/controllers/block_controller.php, line 18]
2014-01-28 23:27:14 Notice: Notice (8): Undefined variable: i in [/Applications/MAMP/htdocs/club86/app/views/block/detail.ctp, line 18]
2014-01-28 23:27:14 Notice: Notice (8): Undefined variable: i in [/Applications/MAMP/htdocs/club86/app/views/block/detail.ctp, line 19]
2014-01-28 23:27:15 Notice: Notice (8): Undefined variable: id in [/Applications/MAMP/htdocs/club86/app/controllers/block_controller.php, line 18]
2014-01-28 23:27:15 Notice: Notice (8): Undefined variable: i in [/Applications/MAMP/htdocs/club86/app/views/block/detail.ctp, line 18]
2014-01-28 23:27:15 Notice: Notice (8): Undefined variable: i in [/Applications/MAMP/htdocs/club86/app/views/block/detail.ctp, line 19]
2014-01-28 23:29:05 Notice: Notice (8): Undefined variable: id in [/Applications/MAMP/htdocs/club86/app/controllers/block_controller.php, line 18]
2014-01-28 23:29:05 Notice: Notice (8): Undefined variable: i in [/Applications/MAMP/htdocs/club86/app/views/block/detail.ctp, line 18]
2014-01-28 23:29:05 Notice: Notice (8): Undefined variable: i in [/Applications/MAMP/htdocs/club86/app/views/block/detail.ctp, line 19]
2014-01-28 23:29:05 Notice: Notice (8): Undefined variable: id in [/Applications/MAMP/htdocs/club86/app/controllers/block_controller.php, line 18]
2014-01-28 23:29:05 Notice: Notice (8): Undefined variable: i in [/Applications/MAMP/htdocs/club86/app/views/block/detail.ctp, line 18]
2014-01-28 23:29:05 Notice: Notice (8): Undefined variable: i in [/Applications/MAMP/htdocs/club86/app/views/block/detail.ctp, line 19]
2014-01-28 23:31:08 Notice: Notice (8): Undefined variable: i in [/Applications/MAMP/htdocs/club86/app/views/block/detail.ctp, line 18]
2014-01-28 23:31:08 Notice: Notice (8): Undefined index:  in [/Applications/MAMP/htdocs/club86/app/views/block/detail.ctp, line 18]
2014-01-28 23:31:08 Notice: Notice (8): Undefined variable: i in [/Applications/MAMP/htdocs/club86/app/views/block/detail.ctp, line 19]
2014-01-28 23:31:08 Notice: Notice (8): Undefined index:  in [/Applications/MAMP/htdocs/club86/app/views/block/detail.ctp, line 19]
2014-01-28 23:31:08 Notice: Notice (8): Undefined variable: i in [/Applications/MAMP/htdocs/club86/app/views/block/detail.ctp, line 18]
2014-01-28 23:31:08 Notice: Notice (8): Undefined variable: i in [/Applications/MAMP/htdocs/club86/app/views/block/detail.ctp, line 19]
2014-01-28 23:32:10 Notice: Notice (8): Undefined variable: i in [/Applications/MAMP/htdocs/club86/app/views/block/detail.ctp, line 18]
2014-01-28 23:32:10 Notice: Notice (8): Undefined index:  in [/Applications/MAMP/htdocs/club86/app/views/block/detail.ctp, line 18]
2014-02-15 20:08:26 Notice: Notice (8): Undefined variable: cid in [/Applications/MAMP/htdocs/club86/app/controllers/minamikata_controller.php, line 42]
2014-02-15 20:12:04 Notice: Notice (8): Undefined variable: cid in [/Applications/MAMP/htdocs/club86/app/controllers/minamikata_controller.php, line 42]
