2014-01-11 21:22:59 Warning: Warning (2): mysql_real_escape_string() expects parameter 1 to be string, object given in [/Applications/MAMP/htdocs/club86/cake/libs/model/datasources/dbo/dbo_mysql.php, line 684]
2014-01-11 21:24:00 Warning: Warning (2): Missing argument 1 for SushiController::shiro() in [/Applications/MAMP/htdocs/club86/app/controllers/sushi_controller.php, line 22]
2014-01-11 21:24:33 Warning: Warning (2): Missing argument 1 for SushiController::shiro() in [/Applications/MAMP/htdocs/club86/app/controllers/sushi_controller.php, line 22]
2014-01-18 18:04:35 Warning: Warning (2): file_get_contents() [<a href='http://php.net/function.file-get-contents'>function.file-get-contents</a>]: Filename cannot be empty in [/Applications/MAMP/htdocs/club86/app/controllers/minamikata_controller.php, line 13]
2014-01-25 10:23:49 Warning: Warning (2): Missing argument 1 for SushiController::image() in [/Applications/MAMP/htdocs/club86/app/controllers/sushi_controller.php, line 15]
2014-01-25 10:23:49 Warning: Warning (2): Cannot modify header information - headers already sent by (output started at /Applications/MAMP/htdocs/club86/cake/libs/debugger.php:683) in [/Applications/MAMP/htdocs/club86/app/controllers/sushi_controller.php, line 18]
2014-01-26 21:28:53 Warning: Warning (512): <span style="color:Red;text-align:left"><b>SQL Error:</b> 1054: Unknown column 'Sum.category' in 'where clause'</span> in [/Applications/MAMP/htdocs/club86/cake/libs/model/datasources/dbo_source.php, line 684]
2014-01-26 21:28:58 Warning: Warning (512): <span style="color:Red;text-align:left"><b>SQL Error:</b> 1054: Unknown column 'Sum.category' in 'where clause'</span> in [/Applications/MAMP/htdocs/club86/cake/libs/model/datasources/dbo_source.php, line 684]
2014-01-26 21:29:12 Warning: Warning (512): <span style="color:Red;text-align:left"><b>SQL Error:</b> 1054: Unknown column 'Sum.category' in 'where clause'</span> in [/Applications/MAMP/htdocs/club86/cake/libs/model/datasources/dbo_source.php, line 684]
2014-01-26 21:56:16 Warning: Warning (512): <span style="color:Red;text-align:left"><b>SQL Error:</b> 1054: Unknown column 'Array' in 'field list'</span> in [/Applications/MAMP/htdocs/club86/cake/libs/model/datasources/dbo_source.php, line 684]
2014-01-26 21:56:16 Warning: Warning (2): Cannot modify header information - headers already sent by (output started at /Applications/MAMP/htdocs/club86/cake/libs/debugger.php:683) in [/Applications/MAMP/htdocs/club86/cake/libs/controller/controller.php, line 742]
2014-01-26 22:00:01 Warning: Warning (512): <span style="color:Red;text-align:left"><b>SQL Error:</b> 1054: Unknown column 'Array' in 'field list'</span> in [/Applications/MAMP/htdocs/club86/cake/libs/model/datasources/dbo_source.php, line 684]
2014-01-26 22:00:01 Warning: Warning (2): Cannot modify header information - headers already sent by (output started at /Applications/MAMP/htdocs/club86/cake/libs/debugger.php:683) in [/Applications/MAMP/htdocs/club86/cake/libs/controller/controller.php, line 742]
2014-01-26 22:00:50 Warning: Warning (512): <span style="color:Red;text-align:left"><b>SQL Error:</b> 1054: Unknown column 'Array' in 'field list'</span> in [/Applications/MAMP/htdocs/club86/cake/libs/model/datasources/dbo_source.php, line 684]
2014-01-26 22:00:50 Warning: Warning (2): Cannot modify header information - headers already sent by (output started at /Applications/MAMP/htdocs/club86/cake/libs/debugger.php:683) in [/Applications/MAMP/htdocs/club86/cake/libs/controller/controller.php, line 742]
2014-01-26 22:03:50 Warning: Warning (512): <span style="color:Red;text-align:left"><b>SQL Error:</b> 1054: Unknown column 'Array' in 'field list'</span> in [/Applications/MAMP/htdocs/club86/cake/libs/model/datasources/dbo_source.php, line 684]
2014-01-26 22:12:48 Warning: Warning (512): <span style="color:Red;text-align:left"><b>SQL Error:</b> 1054: Unknown column 'Array' in 'field list'</span> in [/Applications/MAMP/htdocs/club86/cake/libs/model/datasources/dbo_source.php, line 684]
2014-01-26 22:13:16 Warning: Warning (512): <span style="color:Red;text-align:left"><b>SQL Error:</b> 1054: Unknown column 'Array' in 'field list'</span> in [/Applications/MAMP/htdocs/club86/cake/libs/model/datasources/dbo_source.php, line 684]
2014-01-26 22:40:45 Warning: Warning (2): file_get_contents() [<a href='http://php.net/function.file-get-contents'>function.file-get-contents</a>]: Filename cannot be empty in [/Applications/MAMP/htdocs/club86/app/controllers/block_controller.php, line 30]
2014-01-26 22:40:45 Warning: Warning (2): Cannot modify header information - headers already sent by (output started at /Applications/MAMP/htdocs/club86/cake/libs/debugger.php:683) in [/Applications/MAMP/htdocs/club86/cake/libs/controller/controller.php, line 742]
2014-01-26 22:41:46 Warning: Warning (2): Missing argument 1 for blockController::image() in [/Applications/MAMP/htdocs/club86/app/controllers/block_controller.php, line 43]
2014-01-26 22:41:46 Warning: Warning (2): Cannot modify header information - headers already sent by (output started at /Applications/MAMP/htdocs/club86/cake/libs/debugger.php:683) in [/Applications/MAMP/htdocs/club86/app/controllers/block_controller.php, line 45]
2014-01-26 22:42:45 Warning: Warning (2): Missing argument 1 for blockController::image() in [/Applications/MAMP/htdocs/club86/app/controllers/block_controller.php, line 43]
2014-01-26 22:42:45 Warning: Warning (2): Cannot modify header information - headers already sent by (output started at /Applications/MAMP/htdocs/club86/cake/libs/debugger.php:683) in [/Applications/MAMP/htdocs/club86/app/controllers/block_controller.php, line 45]
2014-01-26 22:43:43 Warning: Warning (2): Missing argument 1 for blockController::image() in [/Applications/MAMP/htdocs/club86/app/controllers/block_controller.php, line 43]
2014-01-26 22:43:43 Warning: Warning (2): Cannot modify header information - headers already sent by (output started at /Applications/MAMP/htdocs/club86/cake/libs/debugger.php:683) in [/Applications/MAMP/htdocs/club86/app/controllers/block_controller.php, line 45]
2014-01-26 22:44:47 Warning: Warning (2): Missing argument 1 for blockController::image() in [/Applications/MAMP/htdocs/club86/app/controllers/block_controller.php, line 43]
2014-01-26 22:44:47 Warning: Warning (2): Cannot modify header information - headers already sent by (output started at /Applications/MAMP/htdocs/club86/cake/libs/debugger.php:683) in [/Applications/MAMP/htdocs/club86/app/controllers/block_controller.php, line 45]
2014-01-26 22:45:37 Warning: Warning (2): Missing argument 1 for blockController::image() in [/Applications/MAMP/htdocs/club86/app/controllers/block_controller.php, line 43]
2014-01-26 22:45:37 Warning: Warning (2): Cannot modify header information - headers already sent by (output started at /Applications/MAMP/htdocs/club86/cake/libs/debugger.php:683) in [/Applications/MAMP/htdocs/club86/app/controllers/block_controller.php, line 45]
2014-01-26 22:49:36 Warning: Warning (2): Missing argument 1 for blockController::image() in [/Applications/MAMP/htdocs/club86/app/controllers/block_controller.php, line 43]
2014-01-26 22:49:36 Warning: Warning (2): Cannot modify header information - headers already sent by (output started at /Applications/MAMP/htdocs/club86/cake/libs/debugger.php:683) in [/Applications/MAMP/htdocs/club86/app/controllers/block_controller.php, line 45]
2014-01-26 22:52:03 Warning: Warning (2): Missing argument 1 for blockController::image() in [/Applications/MAMP/htdocs/club86/app/controllers/block_controller.php, line 43]
2014-01-26 22:52:03 Warning: Warning (2): Cannot modify header information - headers already sent by (output started at /Applications/MAMP/htdocs/club86/cake/libs/debugger.php:683) in [/Applications/MAMP/htdocs/club86/app/controllers/block_controller.php, line 45]
2014-01-26 22:56:58 Warning: Warning (2): Missing argument 1 for blockController::image() in [/Applications/MAMP/htdocs/club86/app/controllers/block_controller.php, line 43]
2014-01-26 22:56:58 Warning: Warning (2): Cannot modify header information - headers already sent by (output started at /Applications/MAMP/htdocs/club86/cake/libs/debugger.php:683) in [/Applications/MAMP/htdocs/club86/app/controllers/block_controller.php, line 45]
2014-01-26 22:57:00 Warning: Warning (2): Missing argument 1 for blockController::image() in [/Applications/MAMP/htdocs/club86/app/controllers/block_controller.php, line 43]
2014-01-26 22:57:00 Warning: Warning (2): Cannot modify header information - headers already sent by (output started at /Applications/MAMP/htdocs/club86/cake/libs/debugger.php:683) in [/Applications/MAMP/htdocs/club86/app/controllers/block_controller.php, line 45]
2014-01-26 22:59:10 Warning: Warning (2): Missing argument 1 for blockController::image() in [/Applications/MAMP/htdocs/club86/app/controllers/block_controller.php, line 43]
2014-01-26 22:59:10 Warning: Warning (2): Cannot modify header information - headers already sent by (output started at /Applications/MAMP/htdocs/club86/cake/libs/debugger.php:683) in [/Applications/MAMP/htdocs/club86/app/controllers/block_controller.php, line 45]
2014-01-26 22:59:13 Warning: Warning (2): Missing argument 1 for blockController::image() in [/Applications/MAMP/htdocs/club86/app/controllers/block_controller.php, line 43]
2014-01-26 22:59:13 Warning: Warning (2): Cannot modify header information - headers already sent by (output started at /Applications/MAMP/htdocs/club86/cake/libs/debugger.php:683) in [/Applications/MAMP/htdocs/club86/app/controllers/block_controller.php, line 45]
2014-01-27 00:05:16 Warning: Warning (2): file_get_contents() [<a href='http://php.net/function.file-get-contents'>function.file-get-contents</a>]: Filename cannot be empty in [/Applications/MAMP/htdocs/club86/app/controllers/block_controller.php, line 30]
2014-01-27 00:05:16 Warning: Warning (2): Cannot modify header information - headers already sent by (output started at /Applications/MAMP/htdocs/club86/cake/libs/debugger.php:683) in [/Applications/MAMP/htdocs/club86/cake/libs/controller/controller.php, line 742]
2014-01-27 00:05:19 Warning: Warning (2): file_get_contents() [<a href='http://php.net/function.file-get-contents'>function.file-get-contents</a>]: Filename cannot be empty in [/Applications/MAMP/htdocs/club86/app/controllers/block_controller.php, line 30]
2014-01-27 00:05:19 Warning: Warning (2): Cannot modify header information - headers already sent by (output started at /Applications/MAMP/htdocs/club86/cake/libs/debugger.php:683) in [/Applications/MAMP/htdocs/club86/cake/libs/controller/controller.php, line 742]
2014-01-27 00:05:19 Warning: Warning (2): file_get_contents() [<a href='http://php.net/function.file-get-contents'>function.file-get-contents</a>]: Filename cannot be empty in [/Applications/MAMP/htdocs/club86/app/controllers/block_controller.php, line 30]
2014-01-27 00:05:19 Warning: Warning (2): Cannot modify header information - headers already sent by (output started at /Applications/MAMP/htdocs/club86/cake/libs/debugger.php:683) in [/Applications/MAMP/htdocs/club86/cake/libs/controller/controller.php, line 742]
2014-01-27 00:35:04 Warning: Warning (2): file_get_contents() [<a href='http://php.net/function.file-get-contents'>function.file-get-contents</a>]: Filename cannot be empty in [/Applications/MAMP/htdocs/club86/app/controllers/block_controller.php, line 30]
2014-01-27 00:35:04 Warning: Warning (2): Cannot modify header information - headers already sent by (output started at /Applications/MAMP/htdocs/club86/cake/libs/debugger.php:683) in [/Applications/MAMP/htdocs/club86/cake/libs/controller/controller.php, line 742]
2014-01-27 23:24:56 Warning: Warning (2): file_get_contents() [<a href='http://php.net/function.file-get-contents'>function.file-get-contents</a>]: Filename cannot be empty in [/Applications/MAMP/htdocs/club86/app/controllers/block_controller.php, line 34]
2014-01-27 23:24:56 Warning: Warning (2): Cannot modify header information - headers already sent by (output started at /Applications/MAMP/htdocs/club86/cake/libs/debugger.php:683) in [/Applications/MAMP/htdocs/club86/cake/libs/controller/controller.php, line 742]
2014-02-08 13:02:06 Warning: Warning (2): file_get_contents() [<a href='http://php.net/function.file-get-contents'>function.file-get-contents</a>]: Filename cannot be empty in [/Applications/MAMP/htdocs/club86/app/controllers/block_controller.php, line 34]
2014-02-08 13:02:06 Warning: Warning (2): Cannot modify header information - headers already sent by (output started at /Applications/MAMP/htdocs/club86/cake/libs/debugger.php:683) in [/Applications/MAMP/htdocs/club86/cake/libs/controller/controller.php, line 742]
2014-02-15 19:52:37 Warning: Warning (2): file_get_contents() [<a href='http://php.net/function.file-get-contents'>function.file-get-contents</a>]: Filename cannot be empty in [/Applications/MAMP/htdocs/club86/app/controllers/minamikata_controller.php, line 17]
2014-02-15 20:08:26 Warning: Warning (512): <span style="color:Red;text-align:left"><b>SQL Error:</b> 1054: Unknown column 'Masami.user_id' in 'on clause'</span> in [/Applications/MAMP/htdocs/club86/cake/libs/model/datasources/dbo_source.php, line 684]
2014-02-15 20:08:26 Warning: Warning (2): Missing argument 1 for MinamikataController::image() in [/Applications/MAMP/htdocs/club86/app/controllers/minamikata_controller.php, line 40]
2014-02-15 20:08:26 Warning: Warning (512): <span style="color:Red;text-align:left"><b>SQL Error:</b> 1054: Unknown column 'Masami.user_id' in 'on clause'</span> in [/Applications/MAMP/htdocs/club86/cake/libs/model/datasources/dbo_source.php, line 684]
2014-02-15 20:08:26 Warning: Warning (2): Cannot modify header information - headers already sent by (output started at /Applications/MAMP/htdocs/club86/cake/libs/debugger.php:683) in [/Applications/MAMP/htdocs/club86/app/controllers/minamikata_controller.php, line 43]
2014-02-15 20:12:04 Warning: Warning (512): <span style="color:Red;text-align:left"><b>SQL Error:</b> 1054: Unknown column 'Masami.user_id' in 'on clause'</span> in [/Applications/MAMP/htdocs/club86/cake/libs/model/datasources/dbo_source.php, line 684]
2014-02-15 20:12:04 Warning: Warning (2): Missing argument 1 for MinamikataController::image() in [/Applications/MAMP/htdocs/club86/app/controllers/minamikata_controller.php, line 40]
2014-02-15 20:12:04 Warning: Warning (512): <span style="color:Red;text-align:left"><b>SQL Error:</b> 1054: Unknown column 'Masami.user_id' in 'on clause'</span> in [/Applications/MAMP/htdocs/club86/cake/libs/model/datasources/dbo_source.php, line 684]
2014-02-15 20:12:04 Warning: Warning (2): Cannot modify header information - headers already sent by (output started at /Applications/MAMP/htdocs/club86/cake/libs/debugger.php:683) in [/Applications/MAMP/htdocs/club86/app/controllers/minamikata_controller.php, line 43]
2014-03-22 10:50:54 Warning: Warning (2): mysql_connect() [<a href='http://php.net/function.mysql-connect'>function.mysql-connect</a>]: Can't connect to local MySQL server through socket '/Applications/MAMP/tmp/mysql/mysql.sock' (2) in [/Applications/MAMP/htdocs/club86/cake/libs/model/datasources/dbo/dbo_mysql.php, line 561]
2014-03-22 10:50:54 Warning: Warning (2): mysql_query() expects parameter 2 to be resource, boolean given in [/Applications/MAMP/htdocs/club86/cake/libs/model/datasources/dbo/dbo_mysql.php, line 613]
2014-03-22 10:50:54 Warning: Warning (2): Cannot modify header information - headers already sent by (output started at /Applications/MAMP/htdocs/club86/cake/libs/debugger.php:683) in [/Applications/MAMP/htdocs/club86/cake/libs/controller/controller.php, line 742]
