2014-02-07 21:18:16 Error: [MissingControllerException] Controller class SweetsController could not be found.
Exception Attributes: array (
  'class' => 'SweetsController',
  'plugin' => NULL,
)
Request URL: /club86cake3/sweets/admin_register
Stack Trace:
#0 /Applications/MAMP/htdocs/club86cake3/webroot/index.php(101): Dispatcher->dispatch(Object(CakeRequest), Object(CakeResponse))
#1 {main}
2014-02-07 21:19:18 Error: [MissingTableException] Table sweets for model Sweet was not found in datasource default.
Exception Attributes: array (
  'table' => 'sweets',
  'class' => 'Sweet',
  'ds' => 'default',
)
Request URL: /club86cake3/sweets/admin_confirm
Stack Trace:
#0 /Applications/MAMP/htdocs/club86cake3/Vendor/pear-pear.cakephp.org/CakePHP/Cake/Model/Model.php(3476): Model->setSource('sweets')
#1 /Applications/MAMP/htdocs/club86cake3/Vendor/pear-pear.cakephp.org/CakePHP/Cake/Model/Model.php(2999): Model->getDataSource()
#2 /Applications/MAMP/htdocs/club86cake3/Vendor/pear-pear.cakephp.org/CakePHP/Cake/Model/Model.php(2912): Model->_findCount('before', Array)
#3 /Applications/MAMP/htdocs/club86cake3/Vendor/pear-pear.cakephp.org/CakePHP/Cake/Model/Model.php(2847): Model->buildQuery('count', Array)
#4 /Applications/MAMP/htdocs/club86cake3/Vendor/pear-pear.cakephp.org/CakePHP/Cake/Model/Model.php(2762): Model->find('count', Array)
#5 /Applications/MAMP/htdocs/club86cake3/Vendor/pear-pear.cakephp.org/CakePHP/Cake/Model/Model.php(1727): Model->exists()
#6 /Applications/MAMP/htdocs/club86cake3/Controller/SweetsController.php(18): Model->save(Array)
#7 [internal function]: SweetsController->admin_confirm()
#8 /Applications/MAMP/htdocs/club86cake3/Vendor/pear-pear.cakephp.org/CakePHP/Cake/Controller/Controller.php(490): ReflectionMethod->invokeArgs(Object(SweetsController), Array)
#9 /Applications/MAMP/htdocs/club86cake3/Vendor/pear-pear.cakephp.org/CakePHP/Cake/Routing/Dispatcher.php(187): Controller->invokeAction(Object(CakeRequest))
#10 /Applications/MAMP/htdocs/club86cake3/Vendor/pear-pear.cakephp.org/CakePHP/Cake/Routing/Dispatcher.php(162): Dispatcher->_invoke(Object(SweetsController), Object(CakeRequest), Object(CakeResponse))
#11 /Applications/MAMP/htdocs/club86cake3/webroot/index.php(101): Dispatcher->dispatch(Object(CakeRequest), Object(CakeResponse))
#12 {main}
2014-02-07 21:22:30 Error: [MissingTableException] Table sweets for model Sweet was not found in datasource default.
Exception Attributes: array (
  'table' => 'sweets',
  'class' => 'Sweet',
  'ds' => 'default',
)
Request URL: /club86cake3/sweets/admin_confirm
Stack Trace:
#0 /Applications/MAMP/htdocs/club86cake3/Vendor/pear-pear.cakephp.org/CakePHP/Cake/Model/Model.php(3476): Model->setSource('sweets')
#1 /Applications/MAMP/htdocs/club86cake3/Vendor/pear-pear.cakephp.org/CakePHP/Cake/Model/Model.php(2999): Model->getDataSource()
#2 /Applications/MAMP/htdocs/club86cake3/Vendor/pear-pear.cakephp.org/CakePHP/Cake/Model/Model.php(2912): Model->_findCount('before', Array)
#3 /Applications/MAMP/htdocs/club86cake3/Vendor/pear-pear.cakephp.org/CakePHP/Cake/Model/Model.php(2847): Model->buildQuery('count', Array)
#4 /Applications/MAMP/htdocs/club86cake3/Vendor/pear-pear.cakephp.org/CakePHP/Cake/Model/Model.php(2762): Model->find('count', Array)
#5 /Applications/MAMP/htdocs/club86cake3/Vendor/pear-pear.cakephp.org/CakePHP/Cake/Model/Model.php(1727): Model->exists()
#6 /Applications/MAMP/htdocs/club86cake3/Controller/SweetsController.php(18): Model->save(Array)
#7 [internal function]: SweetsController->admin_confirm()
#8 /Applications/MAMP/htdocs/club86cake3/Vendor/pear-pear.cakephp.org/CakePHP/Cake/Controller/Controller.php(490): ReflectionMethod->invokeArgs(Object(SweetsController), Array)
#9 /Applications/MAMP/htdocs/club86cake3/Vendor/pear-pear.cakephp.org/CakePHP/Cake/Routing/Dispatcher.php(187): Controller->invokeAction(Object(CakeRequest))
#10 /Applications/MAMP/htdocs/club86cake3/Vendor/pear-pear.cakephp.org/CakePHP/Cake/Routing/Dispatcher.php(162): Dispatcher->_invoke(Object(SweetsController), Object(CakeRequest), Object(CakeResponse))
#11 /Applications/MAMP/htdocs/club86cake3/webroot/index.php(101): Dispatcher->dispatch(Object(CakeRequest), Object(CakeResponse))
#12 {main}
2014-02-07 21:22:56 Error: [MissingTableException] Table sweets for model Sweet was not found in datasource default.
Exception Attributes: array (
  'table' => 'sweets',
  'class' => 'Sweet',
  'ds' => 'default',
)
Request URL: /club86cake3/sweets/admin_confirm
Stack Trace:
#0 /Applications/MAMP/htdocs/club86cake3/Vendor/pear-pear.cakephp.org/CakePHP/Cake/Model/Model.php(3476): Model->setSource('sweets')
#1 /Applications/MAMP/htdocs/club86cake3/Vendor/pear-pear.cakephp.org/CakePHP/Cake/Model/Model.php(2999): Model->getDataSource()
#2 /Applications/MAMP/htdocs/club86cake3/Vendor/pear-pear.cakephp.org/CakePHP/Cake/Model/Model.php(2912): Model->_findCount('before', Array)
#3 /Applications/MAMP/htdocs/club86cake3/Vendor/pear-pear.cakephp.org/CakePHP/Cake/Model/Model.php(2847): Model->buildQuery('count', Array)
#4 /Applications/MAMP/htdocs/club86cake3/Vendor/pear-pear.cakephp.org/CakePHP/Cake/Model/Model.php(2762): Model->find('count', Array)
#5 /Applications/MAMP/htdocs/club86cake3/Vendor/pear-pear.cakephp.org/CakePHP/Cake/Model/Model.php(1727): Model->exists()
#6 /Applications/MAMP/htdocs/club86cake3/Controller/SweetsController.php(18): Model->save(Array)
#7 [internal function]: SweetsController->admin_confirm()
#8 /Applications/MAMP/htdocs/club86cake3/Vendor/pear-pear.cakephp.org/CakePHP/Cake/Controller/Controller.php(490): ReflectionMethod->invokeArgs(Object(SweetsController), Array)
#9 /Applications/MAMP/htdocs/club86cake3/Vendor/pear-pear.cakephp.org/CakePHP/Cake/Routing/Dispatcher.php(187): Controller->invokeAction(Object(CakeRequest))
#10 /Applications/MAMP/htdocs/club86cake3/Vendor/pear-pear.cakephp.org/CakePHP/Cake/Routing/Dispatcher.php(162): Dispatcher->_invoke(Object(SweetsController), Object(CakeRequest), Object(CakeResponse))
#11 /Applications/MAMP/htdocs/club86cake3/webroot/index.php(101): Dispatcher->dispatch(Object(CakeRequest), Object(CakeResponse))
#12 {main}
2014-02-07 21:25:14 Error: [MissingTableException] Table sweets for model Sweet was not found in datasource default.
Exception Attributes: array (
  'table' => 'sweets',
  'class' => 'Sweet',
  'ds' => 'default',
)
Request URL: /club86cake3/sweets/admin_confirm
Stack Trace:
#0 /Applications/MAMP/htdocs/club86cake3/Vendor/pear-pear.cakephp.org/CakePHP/Cake/Model/Model.php(3476): Model->setSource('sweets')
#1 /Applications/MAMP/htdocs/club86cake3/Vendor/pear-pear.cakephp.org/CakePHP/Cake/Model/Model.php(2999): Model->getDataSource()
#2 /Applications/MAMP/htdocs/club86cake3/Vendor/pear-pear.cakephp.org/CakePHP/Cake/Model/Model.php(2912): Model->_findCount('before', Array)
#3 /Applications/MAMP/htdocs/club86cake3/Vendor/pear-pear.cakephp.org/CakePHP/Cake/Model/Model.php(2847): Model->buildQuery('count', Array)
#4 /Applications/MAMP/htdocs/club86cake3/Vendor/pear-pear.cakephp.org/CakePHP/Cake/Model/Model.php(2762): Model->find('count', Array)
#5 /Applications/MAMP/htdocs/club86cake3/Vendor/pear-pear.cakephp.org/CakePHP/Cake/Model/Model.php(1727): Model->exists()
#6 /Applications/MAMP/htdocs/club86cake3/Controller/SweetsController.php(18): Model->save(Array)
#7 [internal function]: SweetsController->admin_confirm()
#8 /Applications/MAMP/htdocs/club86cake3/Vendor/pear-pear.cakephp.org/CakePHP/Cake/Controller/Controller.php(490): ReflectionMethod->invokeArgs(Object(SweetsController), Array)
#9 /Applications/MAMP/htdocs/club86cake3/Vendor/pear-pear.cakephp.org/CakePHP/Cake/Routing/Dispatcher.php(187): Controller->invokeAction(Object(CakeRequest))
#10 /Applications/MAMP/htdocs/club86cake3/Vendor/pear-pear.cakephp.org/CakePHP/Cake/Routing/Dispatcher.php(162): Dispatcher->_invoke(Object(SweetsController), Object(CakeRequest), Object(CakeResponse))
#11 /Applications/MAMP/htdocs/club86cake3/webroot/index.php(101): Dispatcher->dispatch(Object(CakeRequest), Object(CakeResponse))
#12 {main}
2014-02-07 21:26:32 Error: [MissingTableException] Table sweets for model Sweet was not found in datasource default.
Exception Attributes: array (
  'table' => 'sweets',
  'class' => 'Sweet',
  'ds' => 'default',
)
Request URL: /club86cake3/sweets/admin_confirm
Stack Trace:
#0 /Applications/MAMP/htdocs/club86cake3/Vendor/pear-pear.cakephp.org/CakePHP/Cake/Model/Model.php(3476): Model->setSource('sweets')
#1 /Applications/MAMP/htdocs/club86cake3/Vendor/pear-pear.cakephp.org/CakePHP/Cake/Model/Model.php(2999): Model->getDataSource()
#2 /Applications/MAMP/htdocs/club86cake3/Vendor/pear-pear.cakephp.org/CakePHP/Cake/Model/Model.php(2912): Model->_findCount('before', Array)
#3 /Applications/MAMP/htdocs/club86cake3/Vendor/pear-pear.cakephp.org/CakePHP/Cake/Model/Model.php(2847): Model->buildQuery('count', Array)
#4 /Applications/MAMP/htdocs/club86cake3/Vendor/pear-pear.cakephp.org/CakePHP/Cake/Model/Model.php(2762): Model->find('count', Array)
#5 /Applications/MAMP/htdocs/club86cake3/Vendor/pear-pear.cakephp.org/CakePHP/Cake/Model/Model.php(1727): Model->exists()
#6 /Applications/MAMP/htdocs/club86cake3/Controller/SweetsController.php(18): Model->save(Array)
#7 [internal function]: SweetsController->admin_confirm()
#8 /Applications/MAMP/htdocs/club86cake3/Vendor/pear-pear.cakephp.org/CakePHP/Cake/Controller/Controller.php(490): ReflectionMethod->invokeArgs(Object(SweetsController), Array)
#9 /Applications/MAMP/htdocs/club86cake3/Vendor/pear-pear.cakephp.org/CakePHP/Cake/Routing/Dispatcher.php(187): Controller->invokeAction(Object(CakeRequest))
#10 /Applications/MAMP/htdocs/club86cake3/Vendor/pear-pear.cakephp.org/CakePHP/Cake/Routing/Dispatcher.php(162): Dispatcher->_invoke(Object(SweetsController), Object(CakeRequest), Object(CakeResponse))
#11 /Applications/MAMP/htdocs/club86cake3/webroot/index.php(101): Dispatcher->dispatch(Object(CakeRequest), Object(CakeResponse))
#12 {main}
2014-02-07 21:28:16 Error: [MissingActionException] Action SweetsController::index() could not be found.
Exception Attributes: array (
  'controller' => 'SweetsController',
  'action' => 'index',
)
Request URL: /club86cake3/sweets/
Stack Trace:
#0 /Applications/MAMP/htdocs/club86cake3/Vendor/pear-pear.cakephp.org/CakePHP/Cake/Routing/Dispatcher.php(187): Controller->invokeAction(Object(CakeRequest))
#1 /Applications/MAMP/htdocs/club86cake3/Vendor/pear-pear.cakephp.org/CakePHP/Cake/Routing/Dispatcher.php(162): Dispatcher->_invoke(Object(SweetsController), Object(CakeRequest), Object(CakeResponse))
#2 /Applications/MAMP/htdocs/club86cake3/webroot/index.php(101): Dispatcher->dispatch(Object(CakeRequest), Object(CakeResponse))
#3 {main}
2014-02-07 21:34:09 Error: [MissingActionException] Action SweetsController::index() could not be found.
Exception Attributes: array (
  'controller' => 'SweetsController',
  'action' => 'index',
)
Request URL: /club86cake3/sweets/
Stack Trace:
#0 /Applications/MAMP/htdocs/club86cake3/Vendor/pear-pear.cakephp.org/CakePHP/Cake/Routing/Dispatcher.php(187): Controller->invokeAction(Object(CakeRequest))
#1 /Applications/MAMP/htdocs/club86cake3/Vendor/pear-pear.cakephp.org/CakePHP/Cake/Routing/Dispatcher.php(162): Dispatcher->_invoke(Object(SweetsController), Object(CakeRequest), Object(CakeResponse))
#2 /Applications/MAMP/htdocs/club86cake3/webroot/index.php(101): Dispatcher->dispatch(Object(CakeRequest), Object(CakeResponse))
#3 {main}
2014-02-07 21:34:16 Error: [MissingTableException] Table sweets for model Sweet was not found in datasource default.
Exception Attributes: array (
  'table' => 'sweets',
  'class' => 'Sweet',
  'ds' => 'default',
)
Request URL: /club86cake3/sweets/admin_confirm
Stack Trace:
#0 /Applications/MAMP/htdocs/club86cake3/Vendor/pear-pear.cakephp.org/CakePHP/Cake/Model/Model.php(3476): Model->setSource('sweets')
#1 /Applications/MAMP/htdocs/club86cake3/Vendor/pear-pear.cakephp.org/CakePHP/Cake/Model/Model.php(2999): Model->getDataSource()
#2 /Applications/MAMP/htdocs/club86cake3/Vendor/pear-pear.cakephp.org/CakePHP/Cake/Model/Model.php(2912): Model->_findCount('before', Array)
#3 /Applications/MAMP/htdocs/club86cake3/Vendor/pear-pear.cakephp.org/CakePHP/Cake/Model/Model.php(2847): Model->buildQuery('count', Array)
#4 /Applications/MAMP/htdocs/club86cake3/Vendor/pear-pear.cakephp.org/CakePHP/Cake/Model/Model.php(2762): Model->find('count', Array)
#5 /Applications/MAMP/htdocs/club86cake3/Vendor/pear-pear.cakephp.org/CakePHP/Cake/Model/Model.php(1727): Model->exists()
#6 /Applications/MAMP/htdocs/club86cake3/Controller/SweetsController.php(18): Model->save(Array)
#7 [internal function]: SweetsController->admin_confirm()
#8 /Applications/MAMP/htdocs/club86cake3/Vendor/pear-pear.cakephp.org/CakePHP/Cake/Controller/Controller.php(490): ReflectionMethod->invokeArgs(Object(SweetsController), Array)
#9 /Applications/MAMP/htdocs/club86cake3/Vendor/pear-pear.cakephp.org/CakePHP/Cake/Routing/Dispatcher.php(187): Controller->invokeAction(Object(CakeRequest))
#10 /Applications/MAMP/htdocs/club86cake3/Vendor/pear-pear.cakephp.org/CakePHP/Cake/Routing/Dispatcher.php(162): Dispatcher->_invoke(Object(SweetsController), Object(CakeRequest), Object(CakeResponse))
#11 /Applications/MAMP/htdocs/club86cake3/webroot/index.php(101): Dispatcher->dispatch(Object(CakeRequest), Object(CakeResponse))
#12 {main}
2014-02-07 21:34:35 Error: [MissingTableException] Table sweets for model Sweet was not found in datasource default.
Exception Attributes: array (
  'table' => 'sweets',
  'class' => 'Sweet',
  'ds' => 'default',
)
Request URL: /club86cake3/sweets/admin_confirm
Stack Trace:
#0 /Applications/MAMP/htdocs/club86cake3/Vendor/pear-pear.cakephp.org/CakePHP/Cake/Model/Model.php(3476): Model->setSource('sweets')
#1 /Applications/MAMP/htdocs/club86cake3/Vendor/pear-pear.cakephp.org/CakePHP/Cake/Model/Model.php(2999): Model->getDataSource()
#2 /Applications/MAMP/htdocs/club86cake3/Vendor/pear-pear.cakephp.org/CakePHP/Cake/Model/Model.php(2912): Model->_findCount('before', Array)
#3 /Applications/MAMP/htdocs/club86cake3/Vendor/pear-pear.cakephp.org/CakePHP/Cake/Model/Model.php(2847): Model->buildQuery('count', Array)
#4 /Applications/MAMP/htdocs/club86cake3/Vendor/pear-pear.cakephp.org/CakePHP/Cake/Model/Model.php(2762): Model->find('count', Array)
#5 /Applications/MAMP/htdocs/club86cake3/Vendor/pear-pear.cakephp.org/CakePHP/Cake/Model/Model.php(1727): Model->exists()
#6 /Applications/MAMP/htdocs/club86cake3/Controller/SweetsController.php(18): Model->save(Array)
#7 [internal function]: SweetsController->admin_confirm()
#8 /Applications/MAMP/htdocs/club86cake3/Vendor/pear-pear.cakephp.org/CakePHP/Cake/Controller/Controller.php(490): ReflectionMethod->invokeArgs(Object(SweetsController), Array)
#9 /Applications/MAMP/htdocs/club86cake3/Vendor/pear-pear.cakephp.org/CakePHP/Cake/Routing/Dispatcher.php(187): Controller->invokeAction(Object(CakeRequest))
#10 /Applications/MAMP/htdocs/club86cake3/Vendor/pear-pear.cakephp.org/CakePHP/Cake/Routing/Dispatcher.php(162): Dispatcher->_invoke(Object(SweetsController), Object(CakeRequest), Object(CakeResponse))
#11 /Applications/MAMP/htdocs/club86cake3/webroot/index.php(101): Dispatcher->dispatch(Object(CakeRequest), Object(CakeResponse))
#12 {main}
2014-02-07 21:47:11 Error: [MissingTableException] Table sweets for model Sweet was not found in datasource default.
Exception Attributes: array (
  'table' => 'sweets',
  'class' => 'Sweet',
  'ds' => 'default',
)
Request URL: /club86cake3/sweets/admin_confirm
Stack Trace:
#0 /Applications/MAMP/htdocs/club86cake3/Vendor/pear-pear.cakephp.org/CakePHP/Cake/Model/Model.php(3476): Model->setSource('sweets')
#1 /Applications/MAMP/htdocs/club86cake3/Vendor/pear-pear.cakephp.org/CakePHP/Cake/Model/Model.php(2999): Model->getDataSource()
#2 /Applications/MAMP/htdocs/club86cake3/Vendor/pear-pear.cakephp.org/CakePHP/Cake/Model/Model.php(2912): Model->_findCount('before', Array)
#3 /Applications/MAMP/htdocs/club86cake3/Vendor/pear-pear.cakephp.org/CakePHP/Cake/Model/Model.php(2847): Model->buildQuery('count', Array)
#4 /Applications/MAMP/htdocs/club86cake3/Vendor/pear-pear.cakephp.org/CakePHP/Cake/Model/Model.php(2762): Model->find('count', Array)
#5 /Applications/MAMP/htdocs/club86cake3/Vendor/pear-pear.cakephp.org/CakePHP/Cake/Model/Model.php(1727): Model->exists()
#6 /Applications/MAMP/htdocs/club86cake3/Controller/SweetsController.php(20): Model->save(Array)
#7 [internal function]: SweetsController->admin_confirm()
#8 /Applications/MAMP/htdocs/club86cake3/Vendor/pear-pear.cakephp.org/CakePHP/Cake/Controller/Controller.php(490): ReflectionMethod->invokeArgs(Object(SweetsController), Array)
#9 /Applications/MAMP/htdocs/club86cake3/Vendor/pear-pear.cakephp.org/CakePHP/Cake/Routing/Dispatcher.php(187): Controller->invokeAction(Object(CakeRequest))
#10 /Applications/MAMP/htdocs/club86cake3/Vendor/pear-pear.cakephp.org/CakePHP/Cake/Routing/Dispatcher.php(162): Dispatcher->_invoke(Object(SweetsController), Object(CakeRequest), Object(CakeResponse))
#11 /Applications/MAMP/htdocs/club86cake3/webroot/index.php(101): Dispatcher->dispatch(Object(CakeRequest), Object(CakeResponse))
#12 {main}
2014-02-07 21:47:21 Error: [MissingTableException] Table sweets for model Sweet was not found in datasource default.
Exception Attributes: array (
  'table' => 'sweets',
  'class' => 'Sweet',
  'ds' => 'default',
)
Request URL: /club86cake3/sweets/admin_confirm
Stack Trace:
#0 /Applications/MAMP/htdocs/club86cake3/Vendor/pear-pear.cakephp.org/CakePHP/Cake/Model/Model.php(3476): Model->setSource('sweets')
#1 /Applications/MAMP/htdocs/club86cake3/Vendor/pear-pear.cakephp.org/CakePHP/Cake/Model/Model.php(2999): Model->getDataSource()
#2 /Applications/MAMP/htdocs/club86cake3/Vendor/pear-pear.cakephp.org/CakePHP/Cake/Model/Model.php(2912): Model->_findCount('before', Array)
#3 /Applications/MAMP/htdocs/club86cake3/Vendor/pear-pear.cakephp.org/CakePHP/Cake/Model/Model.php(2847): Model->buildQuery('count', Array)
#4 /Applications/MAMP/htdocs/club86cake3/Vendor/pear-pear.cakephp.org/CakePHP/Cake/Model/Model.php(2762): Model->find('count', Array)
#5 /Applications/MAMP/htdocs/club86cake3/Vendor/pear-pear.cakephp.org/CakePHP/Cake/Model/Model.php(1727): Model->exists()
#6 /Applications/MAMP/htdocs/club86cake3/Controller/SweetsController.php(20): Model->save(Array)
#7 [internal function]: SweetsController->admin_confirm()
#8 /Applications/MAMP/htdocs/club86cake3/Vendor/pear-pear.cakephp.org/CakePHP/Cake/Controller/Controller.php(490): ReflectionMethod->invokeArgs(Object(SweetsController), Array)
#9 /Applications/MAMP/htdocs/club86cake3/Vendor/pear-pear.cakephp.org/CakePHP/Cake/Routing/Dispatcher.php(187): Controller->invokeAction(Object(CakeRequest))
#10 /Applications/MAMP/htdocs/club86cake3/Vendor/pear-pear.cakephp.org/CakePHP/Cake/Routing/Dispatcher.php(162): Dispatcher->_invoke(Object(SweetsController), Object(CakeRequest), Object(CakeResponse))
#11 /Applications/MAMP/htdocs/club86cake3/webroot/index.php(101): Dispatcher->dispatch(Object(CakeRequest), Object(CakeResponse))
#12 {main}
2014-02-07 21:48:51 Error: Fatal Error (4): syntax error, unexpected T_PUBLIC, expecting '{' in [/Applications/MAMP/htdocs/club86cake3/Controller/SweetsController.php, line 7]
2014-02-07 21:48:51 Error: [FatalErrorException] syntax error, unexpected T_PUBLIC, expecting '{'
Request URL: /club86cake3/sweets/admin_register
Stack Trace:
#0 /Applications/MAMP/htdocs/club86cake3/Vendor/pear-pear.cakephp.org/CakePHP/Cake/Error/ErrorHandler.php(205): ErrorHandler::handleFatalError(4, 'syntax error, u...', '/Applications/M...', 7)
#1 [internal function]: ErrorHandler::handleError(4, 'syntax error, u...', '/Applications/M...', 7, Array)
#2 /Applications/MAMP/htdocs/club86cake3/Vendor/pear-pear.cakephp.org/CakePHP/Cake/Core/App.php(931): call_user_func('ErrorHandler::h...', 4, 'syntax error, u...', '/Applications/M...', 7, Array)
#3 /Applications/MAMP/htdocs/club86cake3/Vendor/pear-pear.cakephp.org/CakePHP/Cake/Core/App.php(904): App::_checkFatalError()
#4 [internal function]: App::shutdown()
#5 {main}
2014-02-07 21:50:42 Error: Fatal Error (4): syntax error, unexpected '}' in [/Applications/MAMP/htdocs/club86cake3/Controller/SweetsController.php, line 35]
2014-02-07 21:50:42 Error: [FatalErrorException] syntax error, unexpected '}'
Request URL: /club86cake3/sweets/admin_register
Stack Trace:
#0 /Applications/MAMP/htdocs/club86cake3/Vendor/pear-pear.cakephp.org/CakePHP/Cake/Error/ErrorHandler.php(205): ErrorHandler::handleFatalError(4, 'syntax error, u...', '/Applications/M...', 35)
#1 [internal function]: ErrorHandler::handleError(4, 'syntax error, u...', '/Applications/M...', 35, Array)
#2 /Applications/MAMP/htdocs/club86cake3/Vendor/pear-pear.cakephp.org/CakePHP/Cake/Core/App.php(931): call_user_func('ErrorHandler::h...', 4, 'syntax error, u...', '/Applications/M...', 35, Array)
#3 /Applications/MAMP/htdocs/club86cake3/Vendor/pear-pear.cakephp.org/CakePHP/Cake/Core/App.php(904): App::_checkFatalError()
#4 [internal function]: App::shutdown()
#5 {main}
2014-02-07 21:51:18 Error: [MissingTableException] Table sweets for model Sweet was not found in datasource default.
Exception Attributes: array (
  'table' => 'sweets',
  'class' => 'Sweet',
  'ds' => 'default',
)
Request URL: /club86cake3/sweets/admin_confirm
Stack Trace:
#0 /Applications/MAMP/htdocs/club86cake3/Vendor/pear-pear.cakephp.org/CakePHP/Cake/Model/Model.php(3476): Model->setSource('sweets')
#1 /Applications/MAMP/htdocs/club86cake3/Vendor/pear-pear.cakephp.org/CakePHP/Cake/Model/Model.php(2999): Model->getDataSource()
#2 /Applications/MAMP/htdocs/club86cake3/Vendor/pear-pear.cakephp.org/CakePHP/Cake/Model/Model.php(2912): Model->_findCount('before', Array)
#3 /Applications/MAMP/htdocs/club86cake3/Vendor/pear-pear.cakephp.org/CakePHP/Cake/Model/Model.php(2847): Model->buildQuery('count', Array)
#4 /Applications/MAMP/htdocs/club86cake3/Vendor/pear-pear.cakephp.org/CakePHP/Cake/Model/Model.php(2762): Model->find('count', Array)
#5 /Applications/MAMP/htdocs/club86cake3/Vendor/pear-pear.cakephp.org/CakePHP/Cake/Model/Model.php(1727): Model->exists()
#6 /Applications/MAMP/htdocs/club86cake3/Controller/SweetsController.php(22): Model->save(Array)
#7 [internal function]: SweetsController->admin_confirm()
#8 /Applications/MAMP/htdocs/club86cake3/Vendor/pear-pear.cakephp.org/CakePHP/Cake/Controller/Controller.php(490): ReflectionMethod->invokeArgs(Object(SweetsController), Array)
#9 /Applications/MAMP/htdocs/club86cake3/Vendor/pear-pear.cakephp.org/CakePHP/Cake/Routing/Dispatcher.php(187): Controller->invokeAction(Object(CakeRequest))
#10 /Applications/MAMP/htdocs/club86cake3/Vendor/pear-pear.cakephp.org/CakePHP/Cake/Routing/Dispatcher.php(162): Dispatcher->_invoke(Object(SweetsController), Object(CakeRequest), Object(CakeResponse))
#11 /Applications/MAMP/htdocs/club86cake3/webroot/index.php(101): Dispatcher->dispatch(Object(CakeRequest), Object(CakeResponse))
#12 {main}
2014-02-07 21:52:45 Error: [MissingTableException] Table sweets for model Sweet was not found in datasource default.
Exception Attributes: array (
  'table' => 'sweets',
  'class' => 'Sweet',
  'ds' => 'default',
)
Request URL: /club86cake3/sweets/admin_confirm
Stack Trace:
#0 /Applications/MAMP/htdocs/club86cake3/Vendor/pear-pear.cakephp.org/CakePHP/Cake/Model/Model.php(3476): Model->setSource('sweets')
#1 /Applications/MAMP/htdocs/club86cake3/Vendor/pear-pear.cakephp.org/CakePHP/Cake/Model/Model.php(2999): Model->getDataSource()
#2 /Applications/MAMP/htdocs/club86cake3/Vendor/pear-pear.cakephp.org/CakePHP/Cake/Model/Model.php(2912): Model->_findCount('before', Array)
#3 /Applications/MAMP/htdocs/club86cake3/Vendor/pear-pear.cakephp.org/CakePHP/Cake/Model/Model.php(2847): Model->buildQuery('count', Array)
#4 /Applications/MAMP/htdocs/club86cake3/Vendor/pear-pear.cakephp.org/CakePHP/Cake/Model/Model.php(2762): Model->find('count', Array)
#5 /Applications/MAMP/htdocs/club86cake3/Vendor/pear-pear.cakephp.org/CakePHP/Cake/Model/Model.php(1727): Model->exists()
#6 /Applications/MAMP/htdocs/club86cake3/Controller/SweetsController.php(22): Model->save(Array)
#7 [internal function]: SweetsController->admin_confirm()
#8 /Applications/MAMP/htdocs/club86cake3/Vendor/pear-pear.cakephp.org/CakePHP/Cake/Controller/Controller.php(490): ReflectionMethod->invokeArgs(Object(SweetsController), Array)
#9 /Applications/MAMP/htdocs/club86cake3/Vendor/pear-pear.cakephp.org/CakePHP/Cake/Routing/Dispatcher.php(187): Controller->invokeAction(Object(CakeRequest))
#10 /Applications/MAMP/htdocs/club86cake3/Vendor/pear-pear.cakephp.org/CakePHP/Cake/Routing/Dispatcher.php(162): Dispatcher->_invoke(Object(SweetsController), Object(CakeRequest), Object(CakeResponse))
#11 /Applications/MAMP/htdocs/club86cake3/webroot/index.php(101): Dispatcher->dispatch(Object(CakeRequest), Object(CakeResponse))
#12 {main}
2014-02-07 21:54:13 Error: [MissingTableException] Table sweets for model Sweet was not found in datasource default.
Exception Attributes: array (
  'table' => 'sweets',
  'class' => 'Sweet',
  'ds' => 'default',
)
Request URL: /club86cake3/sweets/admin_confirm
Stack Trace:
#0 /Applications/MAMP/htdocs/club86cake3/Vendor/pear-pear.cakephp.org/CakePHP/Cake/Model/Model.php(3476): Model->setSource('sweets')
#1 /Applications/MAMP/htdocs/club86cake3/Vendor/pear-pear.cakephp.org/CakePHP/Cake/Model/Model.php(2999): Model->getDataSource()
#2 /Applications/MAMP/htdocs/club86cake3/Vendor/pear-pear.cakephp.org/CakePHP/Cake/Model/Model.php(2912): Model->_findCount('before', Array)
#3 /Applications/MAMP/htdocs/club86cake3/Vendor/pear-pear.cakephp.org/CakePHP/Cake/Model/Model.php(2847): Model->buildQuery('count', Array)
#4 /Applications/MAMP/htdocs/club86cake3/Vendor/pear-pear.cakephp.org/CakePHP/Cake/Model/Model.php(2762): Model->find('count', Array)
#5 /Applications/MAMP/htdocs/club86cake3/Vendor/pear-pear.cakephp.org/CakePHP/Cake/Model/Model.php(1727): Model->exists()
#6 /Applications/MAMP/htdocs/club86cake3/Controller/SweetsController.php(22): Model->save(Array)
#7 [internal function]: SweetsController->admin_confirm()
#8 /Applications/MAMP/htdocs/club86cake3/Vendor/pear-pear.cakephp.org/CakePHP/Cake/Controller/Controller.php(490): ReflectionMethod->invokeArgs(Object(SweetsController), Array)
#9 /Applications/MAMP/htdocs/club86cake3/Vendor/pear-pear.cakephp.org/CakePHP/Cake/Routing/Dispatcher.php(187): Controller->invokeAction(Object(CakeRequest))
#10 /Applications/MAMP/htdocs/club86cake3/Vendor/pear-pear.cakephp.org/CakePHP/Cake/Routing/Dispatcher.php(162): Dispatcher->_invoke(Object(SweetsController), Object(CakeRequest), Object(CakeResponse))
#11 /Applications/MAMP/htdocs/club86cake3/webroot/index.php(101): Dispatcher->dispatch(Object(CakeRequest), Object(CakeResponse))
#12 {main}
2014-02-07 21:58:35 Error: [MissingTableException] Table sweets for model Sweet was not found in datasource default.
Exception Attributes: array (
  'table' => 'sweets',
  'class' => 'Sweet',
  'ds' => 'default',
)
Request URL: /club86cake3/sweets/admin_confirm
Stack Trace:
#0 /Applications/MAMP/htdocs/club86cake3/Vendor/pear-pear.cakephp.org/CakePHP/Cake/Model/Model.php(3476): Model->setSource('sweets')
#1 /Applications/MAMP/htdocs/club86cake3/Vendor/pear-pear.cakephp.org/CakePHP/Cake/Model/Model.php(2999): Model->getDataSource()
#2 /Applications/MAMP/htdocs/club86cake3/Vendor/pear-pear.cakephp.org/CakePHP/Cake/Model/Model.php(2912): Model->_findCount('before', Array)
#3 /Applications/MAMP/htdocs/club86cake3/Vendor/pear-pear.cakephp.org/CakePHP/Cake/Model/Model.php(2847): Model->buildQuery('count', Array)
#4 /Applications/MAMP/htdocs/club86cake3/Vendor/pear-pear.cakephp.org/CakePHP/Cake/Model/Model.php(2762): Model->find('count', Array)
#5 /Applications/MAMP/htdocs/club86cake3/Vendor/pear-pear.cakephp.org/CakePHP/Cake/Model/Model.php(1727): Model->exists()
#6 /Applications/MAMP/htdocs/club86cake3/Controller/SweetsController.php(21): Model->save(Array)
#7 [internal function]: SweetsController->admin_confirm()
#8 /Applications/MAMP/htdocs/club86cake3/Vendor/pear-pear.cakephp.org/CakePHP/Cake/Controller/Controller.php(490): ReflectionMethod->invokeArgs(Object(SweetsController), Array)
#9 /Applications/MAMP/htdocs/club86cake3/Vendor/pear-pear.cakephp.org/CakePHP/Cake/Routing/Dispatcher.php(187): Controller->invokeAction(Object(CakeRequest))
#10 /Applications/MAMP/htdocs/club86cake3/Vendor/pear-pear.cakephp.org/CakePHP/Cake/Routing/Dispatcher.php(162): Dispatcher->_invoke(Object(SweetsController), Object(CakeRequest), Object(CakeResponse))
#11 /Applications/MAMP/htdocs/club86cake3/webroot/index.php(101): Dispatcher->dispatch(Object(CakeRequest), Object(CakeResponse))
#12 {main}
2014-02-08 12:08:43 Error: Fatal Error (4): syntax error, unexpected T_STRING, expecting T_VARIABLE in [/Applications/MAMP/htdocs/club86cake3/Controller/SweetsController.php, line 34]
2014-02-08 12:08:43 Error: [FatalErrorException] syntax error, unexpected T_STRING, expecting T_VARIABLE
Request URL: /club86cake3/sweets/admin_confirm
Stack Trace:
#0 /Applications/MAMP/htdocs/club86cake3/Vendor/pear-pear.cakephp.org/CakePHP/Cake/Error/ErrorHandler.php(205): ErrorHandler::handleFatalError(4, 'syntax error, u...', '/Applications/M...', 34)
#1 [internal function]: ErrorHandler::handleError(4, 'syntax error, u...', '/Applications/M...', 34, Array)
#2 /Applications/MAMP/htdocs/club86cake3/Vendor/pear-pear.cakephp.org/CakePHP/Cake/Core/App.php(931): call_user_func('ErrorHandler::h...', 4, 'syntax error, u...', '/Applications/M...', 34, Array)
#3 /Applications/MAMP/htdocs/club86cake3/Vendor/pear-pear.cakephp.org/CakePHP/Cake/Core/App.php(904): App::_checkFatalError()
#4 [internal function]: App::shutdown()
#5 {main}
2014-02-08 12:09:11 Error: Fatal Error (4): syntax error, unexpected T_STRING, expecting T_VARIABLE in [/Applications/MAMP/htdocs/club86cake3/Controller/SweetsController.php, line 34]
2014-02-08 12:09:11 Error: [FatalErrorException] syntax error, unexpected T_STRING, expecting T_VARIABLE
Request URL: /club86cake3/sweets/admin_confirm
Stack Trace:
#0 /Applications/MAMP/htdocs/club86cake3/Vendor/pear-pear.cakephp.org/CakePHP/Cake/Error/ErrorHandler.php(205): ErrorHandler::handleFatalError(4, 'syntax error, u...', '/Applications/M...', 34)
#1 [internal function]: ErrorHandler::handleError(4, 'syntax error, u...', '/Applications/M...', 34, Array)
#2 /Applications/MAMP/htdocs/club86cake3/Vendor/pear-pear.cakephp.org/CakePHP/Cake/Core/App.php(931): call_user_func('ErrorHandler::h...', 4, 'syntax error, u...', '/Applications/M...', 34, Array)
#3 /Applications/MAMP/htdocs/club86cake3/Vendor/pear-pear.cakephp.org/CakePHP/Cake/Core/App.php(904): App::_checkFatalError()
#4 [internal function]: App::shutdown()
#5 {main}
2014-02-08 12:56:03 Error: Fatal Error (4): syntax error, unexpected '?', expecting T_STRING or T_VARIABLE or '{' or '$' in [/Applications/MAMP/htdocs/club86cake3/Controller/SweetsController.php, line 35]
2014-02-08 12:56:03 Error: [FatalErrorException] syntax error, unexpected '?', expecting T_STRING or T_VARIABLE or '{' or '$'
Request URL: /club86cake3/sweets/index
Stack Trace:
#0 /Applications/MAMP/htdocs/club86cake3/Vendor/pear-pear.cakephp.org/CakePHP/Cake/Error/ErrorHandler.php(205): ErrorHandler::handleFatalError(4, 'syntax error, u...', '/Applications/M...', 35)
#1 [internal function]: ErrorHandler::handleError(4, 'syntax error, u...', '/Applications/M...', 35, Array)
#2 /Applications/MAMP/htdocs/club86cake3/Vendor/pear-pear.cakephp.org/CakePHP/Cake/Core/App.php(931): call_user_func('ErrorHandler::h...', 4, 'syntax error, u...', '/Applications/M...', 35, Array)
#3 /Applications/MAMP/htdocs/club86cake3/Vendor/pear-pear.cakephp.org/CakePHP/Cake/Core/App.php(904): App::_checkFatalError()
#4 [internal function]: App::shutdown()
#5 {main}
2014-04-27 20:59:06 Error: [MissingActionException] Action SukesansController::resister.html() could not be found.
Exception Attributes: array (
  'controller' => 'SukesansController',
  'action' => 'resister.html',
)
Request URL: /club86cake3/sukesans/resister.html
Stack Trace:
#0 /Applications/MAMP/htdocs/club86cake3/Vendor/pear-pear.cakephp.org/CakePHP/Cake/Routing/Dispatcher.php(187): Controller->invokeAction(Object(CakeRequest))
#1 /Applications/MAMP/htdocs/club86cake3/Vendor/pear-pear.cakephp.org/CakePHP/Cake/Routing/Dispatcher.php(162): Dispatcher->_invoke(Object(SukesansController), Object(CakeRequest), Object(CakeResponse))
#2 /Applications/MAMP/htdocs/club86cake3/webroot/index.php(101): Dispatcher->dispatch(Object(CakeRequest), Object(CakeResponse))
#3 {main}
2014-04-27 21:00:35 Error: [MissingActionException] Action SukesansController::resister() could not be found.
Exception Attributes: array (
  'controller' => 'SukesansController',
  'action' => 'resister',
)
Request URL: /club86cake3/sukesans/resister
Stack Trace:
#0 /Applications/MAMP/htdocs/club86cake3/Vendor/pear-pear.cakephp.org/CakePHP/Cake/Routing/Dispatcher.php(187): Controller->invokeAction(Object(CakeRequest))
#1 /Applications/MAMP/htdocs/club86cake3/Vendor/pear-pear.cakephp.org/CakePHP/Cake/Routing/Dispatcher.php(162): Dispatcher->_invoke(Object(SukesansController), Object(CakeRequest), Object(CakeResponse))
#2 /Applications/MAMP/htdocs/club86cake3/webroot/index.php(101): Dispatcher->dispatch(Object(CakeRequest), Object(CakeResponse))
#3 {main}
2014-04-27 21:02:05 Error: [MissingActionException] Action PostsController::index.html() could not be found.
Exception Attributes: array (
  'controller' => 'PostsController',
  'action' => 'index.html',
)
Request URL: /club86cake3/posts/index.html
Stack Trace:
#0 /Applications/MAMP/htdocs/club86cake3/Vendor/pear-pear.cakephp.org/CakePHP/Cake/Routing/Dispatcher.php(187): Controller->invokeAction(Object(CakeRequest))
#1 /Applications/MAMP/htdocs/club86cake3/Vendor/pear-pear.cakephp.org/CakePHP/Cake/Routing/Dispatcher.php(162): Dispatcher->_invoke(Object(PostsController), Object(CakeRequest), Object(CakeResponse))
#2 /Applications/MAMP/htdocs/club86cake3/webroot/index.php(101): Dispatcher->dispatch(Object(CakeRequest), Object(CakeResponse))
#3 {main}
2014-04-27 21:04:42 Error: [MissingControllerException] Controller class PostController could not be found.
Exception Attributes: array (
  'class' => 'PostController',
  'plugin' => NULL,
)
Request URL: /club86cake3/post/index.html
Stack Trace:
#0 /Applications/MAMP/htdocs/club86cake3/webroot/index.php(101): Dispatcher->dispatch(Object(CakeRequest), Object(CakeResponse))
#1 {main}
2014-04-27 21:04:51 Error: [MissingActionException] Action PostsController::index.html() could not be found.
Exception Attributes: array (
  'controller' => 'PostsController',
  'action' => 'index.html',
)
Request URL: /club86cake3/posts/index.html
Stack Trace:
#0 /Applications/MAMP/htdocs/club86cake3/Vendor/pear-pear.cakephp.org/CakePHP/Cake/Routing/Dispatcher.php(187): Controller->invokeAction(Object(CakeRequest))
#1 /Applications/MAMP/htdocs/club86cake3/Vendor/pear-pear.cakephp.org/CakePHP/Cake/Routing/Dispatcher.php(162): Dispatcher->_invoke(Object(PostsController), Object(CakeRequest), Object(CakeResponse))
#2 /Applications/MAMP/htdocs/club86cake3/webroot/index.php(101): Dispatcher->dispatch(Object(CakeRequest), Object(CakeResponse))
#3 {main}
2014-04-27 22:52:10 Error: [MissingActionException] Action SukesansController::resister() could not be found.
Exception Attributes: array (
  'controller' => 'SukesansController',
  'action' => 'resister',
)
Request URL: /club86cake3/sukesans/resister
Stack Trace:
#0 /Applications/MAMP/htdocs/club86cake3/Vendor/pear-pear.cakephp.org/CakePHP/Cake/Routing/Dispatcher.php(187): Controller->invokeAction(Object(CakeRequest))
#1 /Applications/MAMP/htdocs/club86cake3/Vendor/pear-pear.cakephp.org/CakePHP/Cake/Routing/Dispatcher.php(162): Dispatcher->_invoke(Object(SukesansController), Object(CakeRequest), Object(CakeResponse))
#2 /Applications/MAMP/htdocs/club86cake3/webroot/index.php(101): Dispatcher->dispatch(Object(CakeRequest), Object(CakeResponse))
#3 {main}
2014-04-27 23:52:53 Error: [MissingActionException] Action SukesansController::resister() could not be found.
Exception Attributes: array (
  'controller' => 'SukesansController',
  'action' => 'resister',
)
Request URL: /club86cake3/sukesans/resister
Stack Trace:
#0 /Applications/MAMP/htdocs/club86cake3/Vendor/pear-pear.cakephp.org/CakePHP/Cake/Routing/Dispatcher.php(187): Controller->invokeAction(Object(CakeRequest))
#1 /Applications/MAMP/htdocs/club86cake3/Vendor/pear-pear.cakephp.org/CakePHP/Cake/Routing/Dispatcher.php(162): Dispatcher->_invoke(Object(SukesansController), Object(CakeRequest), Object(CakeResponse))
#2 /Applications/MAMP/htdocs/club86cake3/webroot/index.php(101): Dispatcher->dispatch(Object(CakeRequest), Object(CakeResponse))
#3 {main}
2014-04-28 00:01:47 Error: Fatal Error (64): Cannot redeclare SukesansController::$uses in [/Applications/MAMP/htdocs/club86cake3/Controller/SukesansController.php, line 7]
2014-04-28 00:01:47 Error: [FatalErrorException] Cannot redeclare SukesansController::$uses
Request URL: /club86cake3/sukesans/resister
Stack Trace:
#0 /Applications/MAMP/htdocs/club86cake3/Vendor/pear-pear.cakephp.org/CakePHP/Cake/Error/ErrorHandler.php(205): ErrorHandler::handleFatalError(64, 'Cannot redeclar...', '/Applications/M...', 7)
#1 [internal function]: ErrorHandler::handleError(64, 'Cannot redeclar...', '/Applications/M...', 7, Array)
#2 /Applications/MAMP/htdocs/club86cake3/Vendor/pear-pear.cakephp.org/CakePHP/Cake/Core/App.php(931): call_user_func('ErrorHandler::h...', 64, 'Cannot redeclar...', '/Applications/M...', 7, Array)
#3 /Applications/MAMP/htdocs/club86cake3/Vendor/pear-pear.cakephp.org/CakePHP/Cake/Core/App.php(904): App::_checkFatalError()
#4 [internal function]: App::shutdown()
#5 {main}
2014-04-28 00:02:31 Error: [MissingActionException] Action SukesansController::resister() could not be found.
Exception Attributes: array (
  'controller' => 'SukesansController',
  'action' => 'resister',
)
Request URL: /club86cake3/sukesans/resister
Stack Trace:
#0 /Applications/MAMP/htdocs/club86cake3/Vendor/pear-pear.cakephp.org/CakePHP/Cake/Routing/Dispatcher.php(187): Controller->invokeAction(Object(CakeRequest))
#1 /Applications/MAMP/htdocs/club86cake3/Vendor/pear-pear.cakephp.org/CakePHP/Cake/Routing/Dispatcher.php(162): Dispatcher->_invoke(Object(SukesansController), Object(CakeRequest), Object(CakeResponse))
#2 /Applications/MAMP/htdocs/club86cake3/webroot/index.php(101): Dispatcher->dispatch(Object(CakeRequest), Object(CakeResponse))
#3 {main}
2014-04-28 00:03:04 Error: [MissingActionException] Action SukesansController::resister() could not be found.
Exception Attributes: array (
  'controller' => 'SukesansController',
  'action' => 'resister',
)
Request URL: /club86cake3/sukesans/resister
Stack Trace:
#0 /Applications/MAMP/htdocs/club86cake3/Vendor/pear-pear.cakephp.org/CakePHP/Cake/Routing/Dispatcher.php(187): Controller->invokeAction(Object(CakeRequest))
#1 /Applications/MAMP/htdocs/club86cake3/Vendor/pear-pear.cakephp.org/CakePHP/Cake/Routing/Dispatcher.php(162): Dispatcher->_invoke(Object(SukesansController), Object(CakeRequest), Object(CakeResponse))
#2 /Applications/MAMP/htdocs/club86cake3/webroot/index.php(101): Dispatcher->dispatch(Object(CakeRequest), Object(CakeResponse))
#3 {main}
2014-04-28 00:07:42 Error: [MissingActionException] Action SukesansController::logo.png() could not be found.
Exception Attributes: array (
  'controller' => 'SukesansController',
  'action' => 'logo.png',
)
Request URL: /club86cake3/sukesans/logo.png
Stack Trace:
#0 /Applications/MAMP/htdocs/club86cake3/Vendor/pear-pear.cakephp.org/CakePHP/Cake/Routing/Dispatcher.php(187): Controller->invokeAction(Object(CakeRequest))
#1 /Applications/MAMP/htdocs/club86cake3/Vendor/pear-pear.cakephp.org/CakePHP/Cake/Routing/Dispatcher.php(162): Dispatcher->_invoke(Object(SukesansController), Object(CakeRequest), Object(CakeResponse))
#2 /Applications/MAMP/htdocs/club86cake3/webroot/index.php(101): Dispatcher->dispatch(Object(CakeRequest), Object(CakeResponse))
#3 {main}
2014-04-28 00:07:42 Error: [MissingActionException] Action SukesansController::logo.png() could not be found.
Exception Attributes: array (
  'controller' => 'SukesansController',
  'action' => 'logo.png',
)
Request URL: /club86cake3/sukesans/logo.png
Stack Trace:
#0 /Applications/MAMP/htdocs/club86cake3/Vendor/pear-pear.cakephp.org/CakePHP/Cake/Routing/Dispatcher.php(187): Controller->invokeAction(Object(CakeRequest))
#1 /Applications/MAMP/htdocs/club86cake3/Vendor/pear-pear.cakephp.org/CakePHP/Cake/Routing/Dispatcher.php(162): Dispatcher->_invoke(Object(SukesansController), Object(CakeRequest), Object(CakeResponse))
#2 /Applications/MAMP/htdocs/club86cake3/webroot/index.php(101): Dispatcher->dispatch(Object(CakeRequest), Object(CakeResponse))
#3 {main}
